C:\Users\bansc\repositories\WebApplication2\WebApplication2\ClientApp\dist\out-tsc\e2e\src\app.po.js
C:\Users\bansc\repositories\WebApplication2\WebApplication2\ClientApp\dist\out-tsc\e2e\src\app.po.js.map
C:\Users\bansc\repositories\WebApplication2\WebApplication2\ClientApp\dist\out-tsc\e2e\src\app.e2e-spec.js
C:\Users\bansc\repositories\WebApplication2\WebApplication2\ClientApp\dist\out-tsc\e2e\src\app.e2e-spec.js.map
C:\Users\bansc\repositories\WebApplication2\WebApplication2\ClientApp\dist\out-tsc\src\app\testComp\testc.component.js
C:\Users\bansc\repositories\WebApplication2\WebApplication2\ClientApp\dist\out-tsc\src\app\testComp\testc.component.js.map
C:\Users\bansc\repositories\WebApplication2\WebApplication2\ClientApp\dist\out-tsc\src\app\app.component.js
C:\Users\bansc\repositories\WebApplication2\WebApplication2\ClientApp\dist\out-tsc\src\app\app.component.js.map
C:\Users\bansc\repositories\WebApplication2\WebApplication2\ClientApp\dist\out-tsc\src\app\app-routing.module.js
C:\Users\bansc\repositories\WebApplication2\WebApplication2\ClientApp\dist\out-tsc\src\app\app-routing.module.js.map
C:\Users\bansc\repositories\WebApplication2\WebApplication2\ClientApp\dist\out-tsc\src\app\app.module.js
C:\Users\bansc\repositories\WebApplication2\WebApplication2\ClientApp\dist\out-tsc\src\app\app.module.js.map
C:\Users\bansc\repositories\WebApplication2\WebApplication2\ClientApp\dist\out-tsc\src\environments\environment.js
C:\Users\bansc\repositories\WebApplication2\WebApplication2\ClientApp\dist\out-tsc\src\environments\environment.js.map
C:\Users\bansc\repositories\WebApplication2\WebApplication2\ClientApp\dist\out-tsc\src\main.js
C:\Users\bansc\repositories\WebApplication2\WebApplication2\ClientApp\dist\out-tsc\src\main.js.map
C:\Users\bansc\repositories\WebApplication2\WebApplication2\ClientApp\dist\out-tsc\src\polyfills.js
C:\Users\bansc\repositories\WebApplication2\WebApplication2\ClientApp\dist\out-tsc\src\polyfills.js.map
C:\Users\bansc\repositories\WebApplication2\WebApplication2\ClientApp\dist\out-tsc\src\test.js
C:\Users\bansc\repositories\WebApplication2\WebApplication2\ClientApp\dist\out-tsc\src\test.js.map
C:\Users\bansc\repositories\WebApplication2\WebApplication2\ClientApp\dist\out-tsc\src\app\app.component.spec.js
C:\Users\bansc\repositories\WebApplication2\WebApplication2\ClientApp\dist\out-tsc\src\app\app.component.spec.js.map
C:\Users\bansc\repositories\WebApplication2\WebApplication2\ClientApp\dist\out-tsc\src\app\testComp\testc.component.spec.js
C:\Users\bansc\repositories\WebApplication2\WebApplication2\ClientApp\dist\out-tsc\src\app\testComp\testc.component.spec.js.map
C:\Users\bansc\repositories\WebApplication2\WebApplication2\ClientApp\dist\out-tsc\src\environments\environment.prod.js
C:\Users\bansc\repositories\WebApplication2\WebApplication2\ClientApp\dist\out-tsc\src\environments\environment.prod.js.map
